<?xml version="1.0" encoding="UTF-8"?>
<testng-results ignored="0" total="1" passed="1" failed="0" skipped="0">
  <reporter-output>
    <line>
      <![CDATA[--- testscript execution started---]]>
    </line>
    <line>
      <![CDATA[----TestScript Execution successfully--]]>
    </line>
  </reporter-output>
  <suite started-at="2023-05-15T14:56:29 IST" name="Default suite" finished-at="2023-05-15T14:57:19 IST" duration-ms="50246">
    <groups>
      <group name="system">
        <method signature="TestScript_04_Test.createProduct()[pri:0, instance:TestScriptUsingTestNG.TestScript_04_Test@4d9e68d0]" name="createProduct" class="TestScriptUsingTestNG.TestScript_04_Test"/>
      </group> <!-- system -->
    </groups>
    <test started-at="2023-05-15T14:56:29 IST" name="Default test" finished-at="2023-05-15T14:57:19 IST" duration-ms="50246">
      <class name="TestScriptUsingTestNG.TestScript_04_Test">
        <test-method is-config="true" signature="configDB()[pri:0, instance:TestScriptUsingTestNG.TestScript_04_Test@4d9e68d0]" started-at="2023-05-15T14:56:29 IST" name="configDB" finished-at="2023-05-15T14:56:29 IST" duration-ms="11" status="PASS">
          <reporter-output>
          </reporter-output>
        </test-method> <!-- configDB -->
        <test-method is-config="true" signature="configBC()[pri:0, instance:TestScriptUsingTestNG.TestScript_04_Test@4d9e68d0]" started-at="2023-05-15T14:56:29 IST" name="configBC" finished-at="2023-05-15T14:56:34 IST" duration-ms="4698" status="PASS">
          <reporter-output>
          </reporter-output>
        </test-method> <!-- configBC -->
        <test-method is-config="true" signature="configBM()[pri:0, instance:TestScriptUsingTestNG.TestScript_04_Test@4d9e68d0]" started-at="2023-05-15T14:56:34 IST" name="configBM" finished-at="2023-05-15T14:56:38 IST" duration-ms="3770" status="PASS">
          <reporter-output>
          </reporter-output>
        </test-method> <!-- configBM -->
        <test-method signature="createProduct()[pri:0, instance:TestScriptUsingTestNG.TestScript_04_Test@4d9e68d0]" started-at="2023-05-15T14:56:38 IST" name="createProduct" finished-at="2023-05-15T14:57:10 IST" duration-ms="32884" status="PASS">
          <reporter-output>
            <line>
              <![CDATA[--- testscript execution started---]]>
            </line>
            <line>
              <![CDATA[----TestScript Execution successfully--]]>
            </line>
          </reporter-output>
        </test-method> <!-- createProduct -->
        <test-method is-config="true" signature="configAM()[pri:0, instance:TestScriptUsingTestNG.TestScript_04_Test@4d9e68d0]" started-at="2023-05-15T14:57:10 IST" name="configAM" finished-at="2023-05-15T14:57:18 IST" duration-ms="7888" status="PASS">
          <reporter-output>
          </reporter-output>
        </test-method> <!-- configAM -->
        <test-method is-config="true" signature="configAC()[pri:0, instance:TestScriptUsingTestNG.TestScript_04_Test@4d9e68d0]" started-at="2023-05-15T14:57:18 IST" name="configAC" finished-at="2023-05-15T14:57:19 IST" duration-ms="428" status="PASS">
          <reporter-output>
          </reporter-output>
        </test-method> <!-- configAC -->
        <test-method is-config="true" signature="disconnectDB()[pri:0, instance:TestScriptUsingTestNG.TestScript_04_Test@4d9e68d0]" started-at="2023-05-15T14:57:19 IST" name="disconnectDB" finished-at="2023-05-15T14:57:19 IST" duration-ms="3" status="PASS">
          <reporter-output>
          </reporter-output>
        </test-method> <!-- disconnectDB -->
      </class> <!-- TestScriptUsingTestNG.TestScript_04_Test -->
    </test> <!-- Default test -->
  </suite> <!-- Default suite -->
</testng-results>
